
(waybar:37680): Gtk-WARNING **: 16:18:29.861: Theme parsing error: gtk-dark.css:2553:51: Using one color stop with linear-gradient() is deprecated.
[2024-09-23 16:18:29.882] [info] Using configuration file /home/akiidjk/.config/waybar/config
[2024-09-23 16:18:29.883] [info] Discovered appearance 'dark'
[2024-09-23 16:18:29.883] [info] Using CSS file /home/akiidjk/.config/waybar/style.css
[2024-09-23 16:18:29.888] [info] Hyprland IPC starting
[2024-09-23 16:18:29.888] [info] Loading persistent workspaces from Hyprland workspace rules
[2024-09-23 16:18:29.893] [warning] module backlight: Disabling module "backlight", No backlight found
[2024-09-23 16:18:29.894] [warning] No battery named BAT0
[2024-09-23 16:18:29.908] [info] Loading persistent workspaces from Hyprland workspace rules
[2024-09-23 16:18:29.911] [warning] module backlight: Disabling module "backlight", No backlight found
[2024-09-23 16:18:29.911] [warning] No battery named BAT0
[2024-09-23 16:18:29.913] [info] Loading persistent workspaces from Hyprland workspace rules
[2024-09-23 16:18:29.916] [warning] module backlight: Disabling module "backlight", No backlight found
[2024-09-23 16:18:29.917] [warning] No battery named BAT0
[2024-09-23 16:18:30.251] [info] Bar configured (width: 1060, height: 30) for output: HDMI-A-1
[2024-09-23 16:18:30.251] [info] Bar configured (width: 1900, height: 30) for output: DP-1
[2024-09-23 16:18:30.251] [info] Bar configured (width: 1900, height: 30) for output: DP-2
[2024-09-23 17:23:44.581] [info] Bar configured (width: 1259, height: 30) for output: HDMI-A-1
[2024-09-23 17:26:45.476] [info] Bar configured (width: 1060, height: 30) for output: HDMI-A-1

(waybar:37680): Gtk-WARNING **: 17:41:14.224: Failed to set text 'Brent Faiyaz - Upset (feat. Tommy Richman & FELIX!)  ' from markup due to error parsing markup: Error on line 1: Entity did not end with a semicolon; most likely you used an ampersand character without intending to start an entity — escape ampersand as &amp;

(waybar:37680): Gtk-WARNING **: 17:41:14.224: Failed to set text 'Brent Faiyaz - Upset (feat. Tommy Richman & FELIX!)  ' from markup due to error parsing markup: Error on line 1: Entity did not end with a semicolon; most likely you used an ampersand character without intending to start an entity — escape ampersand as &amp;

(waybar:37680): Gtk-WARNING **: 17:41:14.224: Failed to set text 'Brent Faiyaz - Upset (feat. Tommy Richman & FELIX!)  ' from markup due to error parsing markup: Error on line 1: Entity did not end with a semicolon; most likely you used an ampersand character without intending to start an entity — escape ampersand as &amp;
[2024-09-23 17:52:53.814] [info] Bar configured (width: 1159, height: 30) for output: HDMI-A-1
[2024-09-23 17:54:09.157] [info] Bar configured (width: 1060, height: 30) for output: HDMI-A-1
[2024-09-23 17:59:23.731] [info] Bar configured (width: 1155, height: 30) for output: HDMI-A-1
[2024-09-23 17:59:25.360] [info] Bar configured (width: 1159, height: 30) for output: HDMI-A-1
[2024-09-23 17:59:26.217] [info] Bar configured (width: 1155, height: 30) for output: HDMI-A-1
[2024-09-23 17:59:26.430] [info] Bar configured (width: 1159, height: 30) for output: HDMI-A-1
[2024-09-23 17:59:26.448] [info] Bar configured (width: 1155, height: 30) for output: HDMI-A-1
[2024-09-23 17:59:46.887] [info] Bar configured (width: 1159, height: 30) for output: HDMI-A-1
[2024-09-23 18:00:29.842] [info] Bar configured (width: 1155, height: 30) for output: HDMI-A-1
[2024-09-23 18:02:00.689] [info] Bar configured (width: 1060, height: 30) for output: HDMI-A-1
[2024-09-23 18:04:02.866] [info] Bar configured (width: 1065, height: 30) for output: HDMI-A-1
[2024-09-23 18:04:24.040] [info] Bar configured (width: 1069, height: 30) for output: HDMI-A-1
[2024-09-23 18:05:39.750] [info] Bar configured (width: 1065, height: 30) for output: HDMI-A-1
[2024-09-23 18:06:34.330] [info] Bar configured (width: 1069, height: 30) for output: HDMI-A-1
[2024-09-23 18:06:40.643] [info] Bar configured (width: 1065, height: 30) for output: HDMI-A-1
[2024-09-23 18:06:46.460] [info] Bar configured (width: 1069, height: 30) for output: HDMI-A-1

(waybar:37680): Gtk-WARNING **: 18:06:47.926: Failed to set text 'YTK - Push & Pull  ' from markup due to error parsing markup: Error on line 1: Entity did not end with a semicolon; most likely you used an ampersand character without intending to start an entity — escape ampersand as &amp;

(waybar:37680): Gtk-WARNING **: 18:06:47.926: Failed to set text 'YTK - Push & Pull  ' from markup due to error parsing markup: Error on line 1: Entity did not end with a semicolon; most likely you used an ampersand character without intending to start an entity — escape ampersand as &amp;

(waybar:37680): Gtk-WARNING **: 18:06:47.926: Failed to set text 'YTK - Push & Pull  ' from markup due to error parsing markup: Error on line 1: Entity did not end with a semicolon; most likely you used an ampersand character without intending to start an entity — escape ampersand as &amp;
[2024-09-23 18:07:05.694] [info] Bar configured (width: 1065, height: 30) for output: HDMI-A-1
[2024-09-23 18:07:58.112] [info] Bar configured (width: 1069, height: 30) for output: HDMI-A-1
[2024-09-23 18:08:56.892] [info] Bar configured (width: 1065, height: 30) for output: HDMI-A-1
[2024-09-23 18:09:47.760] [info] Bar configured (width: 1060, height: 30) for output: HDMI-A-1
[2024-09-23 18:16:48.518] [info] Bar configured (width: 1379, height: 30) for output: HDMI-A-1
[2024-09-23 18:17:41.828] [info] Bar configured (width: 1375, height: 30) for output: HDMI-A-1
[2024-09-23 18:17:59.972] [info] Bar configured (width: 1379, height: 30) for output: HDMI-A-1
[2024-09-23 18:18:05.447] [info] Bar configured (width: 1375, height: 30) for output: HDMI-A-1
[2024-09-23 18:19:33.534] [info] Bar configured (width: 1379, height: 30) for output: HDMI-A-1
[2024-09-23 18:19:36.828] [info] Bar configured (width: 1375, height: 30) for output: HDMI-A-1
[2024-09-23 18:20:13.470] [info] Bar configured (width: 1185, height: 30) for output: HDMI-A-1
[2024-09-23 18:20:34.686] [info] Bar configured (width: 1189, height: 30) for output: HDMI-A-1
[2024-09-23 18:20:38.767] [info] Bar configured (width: 1185, height: 30) for output: HDMI-A-1
[2024-09-23 18:21:04.328] [info] Bar configured (width: 1189, height: 30) for output: HDMI-A-1
[2024-09-23 18:22:13.794] [info] Bar configured (width: 1185, height: 30) for output: HDMI-A-1
[2024-09-23 18:22:29.489] [info] Bar configured (width: 1060, height: 30) for output: HDMI-A-1
Gdk-Message: 18:23:28.730: Error reading events from display: Broken pipe
